1562096867: mosquitto version 1.6.3 starting
1562096867: Config loaded from /mosquitto/config/mosquitto.conf.
1562096867: Error: Unable to open pwfile "/etc/mosquitto/users.passwd".
1562096867: Error opening password file "/etc/mosquitto/users.passwd".
1562096868: mosquitto version 1.6.3 starting
1562096868: Config loaded from /mosquitto/config/mosquitto.conf.
1562096868: Error: Unable to open pwfile "/etc/mosquitto/users.passwd".
1562096868: Error opening password file "/etc/mosquitto/users.passwd".
1562096868: mosquitto version 1.6.3 starting
1562096868: Config loaded from /mosquitto/config/mosquitto.conf.
1562096868: Error: Unable to open pwfile "/etc/mosquitto/users.passwd".
1562096868: Error opening password file "/etc/mosquitto/users.passwd".
1562096870: mosquitto version 1.6.3 starting
1562096870: Config loaded from /mosquitto/config/mosquitto.conf.
1562096870: Error: Unable to open pwfile "/etc/mosquitto/users.passwd".
1562096870: Error opening password file "/etc/mosquitto/users.passwd".
1562096871: mosquitto version 1.6.3 starting
1562096871: Config loaded from /mosquitto/config/mosquitto.conf.
1562096871: Error: Unable to open pwfile "/etc/mosquitto/users.passwd".
1562096871: Error opening password file "/etc/mosquitto/users.passwd".
1562096873: mosquitto version 1.6.3 starting
1562096873: Config loaded from /mosquitto/config/mosquitto.conf.
1562096873: Error: Unable to open pwfile "/etc/mosquitto/users.passwd".
1562096873: Error opening password file "/etc/mosquitto/users.passwd".
1562096961: mosquitto version 1.6.3 starting
1562096961: Config loaded from /mosquitto/config/mosquitto.conf.
1562096961: Error: Unable to open pwfile "/etc/mosquitto/users.passwd".
1562096961: Error opening password file "/etc/mosquitto/users.passwd".
1562096961: mosquitto version 1.6.3 starting
1562096961: Config loaded from /mosquitto/config/mosquitto.conf.
1562096961: Error: Unable to open pwfile "/etc/mosquitto/users.passwd".
1562096961: Error opening password file "/etc/mosquitto/users.passwd".
1562096962: mosquitto version 1.6.3 starting
1562096962: Config loaded from /mosquitto/config/mosquitto.conf.
1562096962: Error: Unable to open pwfile "/etc/mosquitto/users.passwd".
1562096962: Error opening password file "/etc/mosquitto/users.passwd".
1562096963: mosquitto version 1.6.3 starting
1562096963: Config loaded from /mosquitto/config/mosquitto.conf.
1562096963: Error: Unable to open pwfile "/etc/mosquitto/users.passwd".
1562096963: Error opening password file "/etc/mosquitto/users.passwd".
1562096965: mosquitto version 1.6.3 starting
1562096965: Config loaded from /mosquitto/config/mosquitto.conf.
1562096965: Error: Unable to open pwfile "/etc/mosquitto/users.passwd".
1562096965: Error opening password file "/etc/mosquitto/users.passwd".
1562096967: mosquitto version 1.6.3 starting
1562096967: Config loaded from /mosquitto/config/mosquitto.conf.
1562096967: Error: Unable to open pwfile "/etc/mosquitto/users.passwd".
1562096967: Error opening password file "/etc/mosquitto/users.passwd".
1562096998: mosquitto version 1.6.3 starting
1562096998: Config loaded from /mosquitto/config/mosquitto.conf.
1562096998: Error: Unable to open pwfile "/etc/mosquitto/users.passwd".
1562096998: Error opening password file "/etc/mosquitto/users.passwd".
1562096999: mosquitto version 1.6.3 starting
1562096999: Config loaded from /mosquitto/config/mosquitto.conf.
1562096999: Error: Unable to open pwfile "/etc/mosquitto/users.passwd".
1562096999: Error opening password file "/etc/mosquitto/users.passwd".
1562097000: mosquitto version 1.6.3 starting
1562097000: Config loaded from /mosquitto/config/mosquitto.conf.
1562097000: Error: Unable to open pwfile "/etc/mosquitto/users.passwd".
1562097000: Error opening password file "/etc/mosquitto/users.passwd".
1562097001: mosquitto version 1.6.3 starting
1562097001: Config loaded from /mosquitto/config/mosquitto.conf.
1562097001: Error: Unable to open pwfile "/etc/mosquitto/users.passwd".
1562097001: Error opening password file "/etc/mosquitto/users.passwd".
1562097002: mosquitto version 1.6.3 starting
1562097002: Config loaded from /mosquitto/config/mosquitto.conf.
1562097002: Error: Unable to open pwfile "/etc/mosquitto/users.passwd".
1562097002: Error opening password file "/etc/mosquitto/users.passwd".
1562097068: mosquitto version 1.6.3 starting
1562097068: Config loaded from /mosquitto/config/mosquitto.conf.
1562097068: Error: Unable to open pwfile "/etc/mosquitto/users.passwd".
1562097068: Error opening password file "/etc/mosquitto/users.passwd".
1562097069: mosquitto version 1.6.3 starting
1562097069: Config loaded from /mosquitto/config/mosquitto.conf.
1562097069: Error: Unable to open pwfile "/etc/mosquitto/users.passwd".
1562097069: Error opening password file "/etc/mosquitto/users.passwd".
1562097070: mosquitto version 1.6.3 starting
1562097070: Config loaded from /mosquitto/config/mosquitto.conf.
1562097070: Error: Unable to open pwfile "/etc/mosquitto/users.passwd".
1562097070: Error opening password file "/etc/mosquitto/users.passwd".
1562097071: mosquitto version 1.6.3 starting
1562097071: Config loaded from /mosquitto/config/mosquitto.conf.
1562097071: Error: Unable to open pwfile "/etc/mosquitto/users.passwd".
1562097071: Error opening password file "/etc/mosquitto/users.passwd".
1562097073: mosquitto version 1.6.3 starting
1562097073: Config loaded from /mosquitto/config/mosquitto.conf.
1562097073: Error: Unable to open pwfile "/etc/mosquitto/users.passwd".
1562097073: Error opening password file "/etc/mosquitto/users.passwd".
1562097075: mosquitto version 1.6.3 starting
1562097075: Config loaded from /mosquitto/config/mosquitto.conf.
1562097075: Error: Unable to open pwfile "/etc/mosquitto/users.passwd".
1562097075: Error opening password file "/etc/mosquitto/users.passwd".
1562097079: mosquitto version 1.6.3 starting
1562097079: Config loaded from /mosquitto/config/mosquitto.conf.
1562097079: Error: Unable to open pwfile "/etc/mosquitto/users.passwd".
1562097079: Error opening password file "/etc/mosquitto/users.passwd".
1562097105: mosquitto version 1.6.3 starting
1562097105: Config loaded from /mosquitto/config/mosquitto.conf.
1562097105: Opening ipv4 listen socket on port 1883.
1562097105: Opening ipv6 listen socket on port 1883.
1562097106: New connection from 172.18.1.4 on port 1883.
1562097106: New client connected from 172.18.1.4 as mqttjs_f17c1d4e (p2, c1, k60, u'mqtt_user').
1562097111: Socket error on client mqttjs_f17c1d4e, disconnecting.
1562097111: mosquitto version 1.6.3 terminating
1562097111: Saving in-memory database to /var/lib/mosquitto/mosquitto.db.
1562097111: Error saving in-memory database, unable to open /var/lib/mosquitto/mosquitto.db.new for writing.
1562097111: Error: No such file or directory.
1562097139: mosquitto version 1.6.3 starting
1562097139: Config loaded from /mosquitto/config/mosquitto.conf.
1562097139: Opening ipv4 listen socket on port 1883.
1562097139: Opening ipv6 listen socket on port 1883.
1562097141: New connection from 172.18.1.4 on port 1883.
1562097141: New client connected from 172.18.1.4 as mqttjs_926b5405 (p2, c1, k60, u'mqtt_user').
1562097147: Socket error on client mqttjs_926b5405, disconnecting.
1562097148: mosquitto version 1.6.3 terminating
1562097148: Saving in-memory database to /var/lib/mosquitto/mosquitto.db.
1562097148: Error saving in-memory database, unable to open /var/lib/mosquitto/mosquitto.db.new for writing.
1562097148: Error: No such file or directory.
1562097439: mosquitto version 1.6.3 starting
1562097439: Config loaded from /mosquitto/config/mosquitto.conf.
1562097439: Opening ipv4 listen socket on port 1883.
1562097439: Opening ipv6 listen socket on port 1883.
1562097440: New connection from 172.18.1.5 on port 1883.
1562097440: New client connected from 172.18.1.5 as mqttjs_4733a901 (p2, c1, k60, u'mqtt_user').
1562097485: Socket error on client mqttjs_4733a901, disconnecting.
1562097486: mosquitto version 1.6.3 terminating
1562097486: Saving in-memory database to /var/lib/mosquitto/mosquitto.db.
1562097486: Error saving in-memory database, unable to open /var/lib/mosquitto/mosquitto.db.new for writing.
1562097486: Error: No such file or directory.
1562097563: mosquitto version 1.6.3 starting
1562097563: Config loaded from /mosquitto/config/mosquitto.conf.
1562097563: Opening ipv4 listen socket on port 1883.
1562097563: Opening ipv6 listen socket on port 1883.
1562097565: New connection from 172.18.1.4 on port 1883.
1562097565: New client connected from 172.18.1.4 as mqttjs_1bd83c19 (p2, c1, k60, u'mqtt_user').
1562097618: Socket error on client mqttjs_1bd83c19, disconnecting.
1562097618: mosquitto version 1.6.3 terminating
1562097618: Saving in-memory database to /var/lib/mosquitto/mosquitto.db.
1562097618: Error saving in-memory database, unable to open /var/lib/mosquitto/mosquitto.db.new for writing.
1562097618: Error: No such file or directory.
1562097641: mosquitto version 1.6.3 starting
1562097641: Config loaded from /mosquitto/config/mosquitto.conf.
1562097641: Opening ipv4 listen socket on port 1883.
1562097641: Opening ipv6 listen socket on port 1883.
1562097642: New connection from 172.18.1.4 on port 1883.
1562097642: New client connected from 172.18.1.4 as mqttjs_5edc166f (p2, c1, k60, u'mqtt_user').
1562097684: Socket error on client mqttjs_5edc166f, disconnecting.
1562097684: mosquitto version 1.6.3 terminating
1562097684: Saving in-memory database to /var/lib/mosquitto/mosquitto.db.
1562097684: Error saving in-memory database, unable to open /var/lib/mosquitto/mosquitto.db.new for writing.
1562097684: Error: No such file or directory.
1562097791: mosquitto version 1.6.3 starting
1562097791: Config loaded from /mosquitto/config/mosquitto.conf.
1562097791: Opening ipv4 listen socket on port 1883.
1562097791: Opening ipv6 listen socket on port 1883.
1562097792: New connection from 172.18.1.4 on port 1883.
1562097792: New client connected from 172.18.1.4 as mqttjs_cc5428cb (p2, c1, k60, u'mqtt_user').
1562097794: Socket error on client mqttjs_cc5428cb, disconnecting.
1562097795: mosquitto version 1.6.3 terminating
1562097795: Saving in-memory database to /var/lib/mosquitto/mosquitto.db.
1562097795: Error saving in-memory database, unable to open /var/lib/mosquitto/mosquitto.db.new for writing.
1562097795: Error: No such file or directory.
1562097804: mosquitto version 1.6.3 starting
1562097804: Config loaded from /mosquitto/config/mosquitto.conf.
1562097804: Opening ipv4 listen socket on port 1883.
1562097804: Opening ipv6 listen socket on port 1883.
1562097805: New connection from 172.18.1.4 on port 1883.
1562097805: New client connected from 172.18.1.4 as mqttjs_aa81a96a (p2, c1, k60, u'mqtt_user').
1562097807: Socket error on client mqttjs_aa81a96a, disconnecting.
1562097808: mosquitto version 1.6.3 terminating
1562097808: Saving in-memory database to /var/lib/mosquitto/mosquitto.db.
1562097808: Error saving in-memory database, unable to open /var/lib/mosquitto/mosquitto.db.new for writing.
1562097808: Error: No such file or directory.
1562097870: mosquitto version 1.6.3 starting
1562097870: Config loaded from /mosquitto/config/mosquitto.conf.
1562097870: Opening ipv4 listen socket on port 1883.
1562097870: Opening ipv6 listen socket on port 1883.
1562097872: New connection from 172.18.1.4 on port 1883.
1562097872: New client connected from 172.18.1.4 as mqttjs_cde80870 (p2, c1, k60, u'mqtt_user').
1562097874: Socket error on client mqttjs_cde80870, disconnecting.
1562097875: mosquitto version 1.6.3 terminating
1562097875: Saving in-memory database to /var/lib/mosquitto/mosquitto.db.
1562097875: Error saving in-memory database, unable to open /var/lib/mosquitto/mosquitto.db.new for writing.
1562097875: Error: No such file or directory.
1562097880: mosquitto version 1.6.3 starting
1562097880: Config loaded from /mosquitto/config/mosquitto.conf.
1562097880: Opening ipv4 listen socket on port 1883.
1562097880: Opening ipv6 listen socket on port 1883.
1562097881: New connection from 172.18.1.4 on port 1883.
1562097881: New client connected from 172.18.1.4 as mqttjs_746ce34a (p2, c1, k60, u'mqtt_user').
1562097884: Socket error on client mqttjs_746ce34a, disconnecting.
1562097885: mosquitto version 1.6.3 terminating
1562097885: Saving in-memory database to /var/lib/mosquitto/mosquitto.db.
1562097885: Error saving in-memory database, unable to open /var/lib/mosquitto/mosquitto.db.new for writing.
1562097885: Error: No such file or directory.
1562097900: mosquitto version 1.6.3 starting
1562097900: Config loaded from /mosquitto/config/mosquitto.conf.
1562097900: Opening ipv4 listen socket on port 1883.
1562097900: Opening ipv6 listen socket on port 1883.
1562097901: New connection from 172.18.1.4 on port 1883.
1562097901: New client connected from 172.18.1.4 as mqttjs_a3521b1e (p2, c1, k60, u'mqtt_user').
1562097908: Socket error on client mqttjs_a3521b1e, disconnecting.
1562097908: mosquitto version 1.6.3 terminating
1562097908: Saving in-memory database to /var/lib/mosquitto/mosquitto.db.
1562097908: Error saving in-memory database, unable to open /var/lib/mosquitto/mosquitto.db.new for writing.
1562097908: Error: No such file or directory.
1562098755: mosquitto version 1.6.3 starting
1562098755: Config loaded from /mosquitto/config/mosquitto.conf.
1562098755: Opening ipv4 listen socket on port 1883.
1562098755: Opening ipv6 listen socket on port 1883.
1562098757: New connection from 172.18.1.4 on port 1883.
1562098757: New client connected from 172.18.1.4 as mqttjs_6b43d40b (p2, c1, k60, u'mqtt_user').
1562099604: Socket error on client mqttjs_6b43d40b, disconnecting.
1562099604: mosquitto version 1.6.3 terminating
1562099604: Saving in-memory database to /var/lib/mosquitto/mosquitto.db.
1562099604: Error saving in-memory database, unable to open /var/lib/mosquitto/mosquitto.db.new for writing.
1562099604: Error: No such file or directory.
1562099668: mosquitto version 1.6.3 starting
1562099668: Config loaded from /mosquitto/config/mosquitto.conf.
1562099668: Opening ipv4 listen socket on port 1883.
1562099668: Opening ipv6 listen socket on port 1883.
1562099670: New connection from 172.18.1.4 on port 1883.
1562099670: New client connected from 172.18.1.4 as mqttjs_2c9432b8 (p2, c1, k60, u'mqtt_user').
1562099723: Socket error on client mqttjs_2c9432b8, disconnecting.
1562099723: mosquitto version 1.6.3 terminating
1562099723: Saving in-memory database to /var/lib/mosquitto/mosquitto.db.
1562099723: Error saving in-memory database, unable to open /var/lib/mosquitto/mosquitto.db.new for writing.
1562099723: Error: No such file or directory.
1562099746: mosquitto version 1.6.3 starting
1562099746: Config loaded from /mosquitto/config/mosquitto.conf.
1562099746: Opening ipv4 listen socket on port 1883.
1562099746: Opening ipv6 listen socket on port 1883.
1562099748: New connection from 172.18.1.4 on port 1883.
1562099748: New client connected from 172.18.1.4 as mqttjs_1d299486 (p2, c1, k60, u'mqtt_user').
1562099757: Socket error on client mqttjs_1d299486, disconnecting.
1562099757: mosquitto version 1.6.3 terminating
1562099757: Saving in-memory database to /var/lib/mosquitto/mosquitto.db.
1562099757: Error saving in-memory database, unable to open /var/lib/mosquitto/mosquitto.db.new for writing.
1562099757: Error: No such file or directory.
1562099783: mosquitto version 1.6.3 starting
1562099783: Config loaded from /mosquitto/config/mosquitto.conf.
1562099783: Opening ipv4 listen socket on port 1883.
1562099783: Opening ipv6 listen socket on port 1883.
1562099784: New connection from 172.18.1.4 on port 1883.
1562099784: New client connected from 172.18.1.4 as mqttjs_6d6b5ff8 (p2, c1, k60, u'mqtt_user').
1562099836: Socket error on client mqttjs_6d6b5ff8, disconnecting.
1562099836: mosquitto version 1.6.3 terminating
1562099836: Saving in-memory database to /var/lib/mosquitto/mosquitto.db.
1562099836: Error saving in-memory database, unable to open /var/lib/mosquitto/mosquitto.db.new for writing.
1562099836: Error: No such file or directory.
1562099863: mosquitto version 1.6.3 starting
1562099863: Config loaded from /mosquitto/config/mosquitto.conf.
1562099863: Opening ipv4 listen socket on port 1883.
1562099863: Opening ipv6 listen socket on port 1883.
1562099864: New connection from 172.18.1.4 on port 1883.
1562099864: New client connected from 172.18.1.4 as mqttjs_0a0ba8f6 (p2, c1, k60, u'mqtt_user').
1562099902: Socket error on client mqttjs_0a0ba8f6, disconnecting.
1562099902: mosquitto version 1.6.3 terminating
1562099902: Saving in-memory database to /var/lib/mosquitto/mosquitto.db.
1562099902: Error saving in-memory database, unable to open /var/lib/mosquitto/mosquitto.db.new for writing.
1562099902: Error: No such file or directory.
1562099935: mosquitto version 1.6.3 starting
1562099935: Config loaded from /mosquitto/config/mosquitto.conf.
1562099935: Opening ipv4 listen socket on port 1883.
1562099935: Opening ipv6 listen socket on port 1883.
1562099936: New connection from 172.18.1.5 on port 1883.
1562099936: New client connected from 172.18.1.5 as mqttjs_8711c0ea (p2, c1, k60, u'mqtt_user').
1562099987: Socket error on client mqttjs_8711c0ea, disconnecting.
1562099987: mosquitto version 1.6.3 terminating
1562099987: Saving in-memory database to /var/lib/mosquitto/mosquitto.db.
1562099987: Error saving in-memory database, unable to open /var/lib/mosquitto/mosquitto.db.new for writing.
1562099987: Error: No such file or directory.
1562100081: mosquitto version 1.6.3 starting
1562100081: Config loaded from /mosquitto/config/mosquitto.conf.
1562100081: Opening ipv4 listen socket on port 1883.
1562100081: Opening ipv6 listen socket on port 1883.
1562100082: New connection from 172.18.1.4 on port 1883.
1562100082: New client connected from 172.18.1.4 as mqttjs_238fd5cd (p2, c1, k60, u'mqtt_user').
1562100089: Socket error on client mqttjs_238fd5cd, disconnecting.
1562100089: mosquitto version 1.6.3 terminating
1562100089: Saving in-memory database to /var/lib/mosquitto/mosquitto.db.
1562100089: Error saving in-memory database, unable to open /var/lib/mosquitto/mosquitto.db.new for writing.
1562100089: Error: No such file or directory.
1562100179: mosquitto version 1.6.3 starting
1562100179: Config loaded from /mosquitto/config/mosquitto.conf.
1562100179: Opening ipv4 listen socket on port 1883.
1562100179: Opening ipv6 listen socket on port 1883.
1562100181: New connection from 172.18.1.4 on port 1883.
1562100181: New client connected from 172.18.1.4 as mqttjs_5c6f388b (p2, c1, k60, u'mqtt_user').
1562100222: Socket error on client mqttjs_5c6f388b, disconnecting.
1562100222: mosquitto version 1.6.3 terminating
1562100222: Saving in-memory database to /var/lib/mosquitto/mosquitto.db.
1562100222: Error saving in-memory database, unable to open /var/lib/mosquitto/mosquitto.db.new for writing.
1562100222: Error: No such file or directory.
1562100225: mosquitto version 1.6.3 starting
1562100225: Config loaded from /mosquitto/config/mosquitto.conf.
1562100225: Opening ipv4 listen socket on port 1883.
1562100225: Opening ipv6 listen socket on port 1883.
1562100227: New connection from 172.18.1.4 on port 1883.
1562100227: New client connected from 172.18.1.4 as mqttjs_8d3d412c (p2, c1, k60, u'mqtt_user').
1562100234: Socket error on client mqttjs_8d3d412c, disconnecting.
1562100234: mosquitto version 1.6.3 terminating
1562100234: Saving in-memory database to /var/lib/mosquitto/mosquitto.db.
1562100234: Error saving in-memory database, unable to open /var/lib/mosquitto/mosquitto.db.new for writing.
1562100234: Error: No such file or directory.
1562100475: mosquitto version 1.6.3 starting
1562100475: Config loaded from /mosquitto/config/mosquitto.conf.
1562100475: Opening ipv4 listen socket on port 1883.
1562100475: Opening ipv6 listen socket on port 1883.
1562100476: New connection from 172.18.1.5 on port 1883.
1562100476: New client connected from 172.18.1.5 as mqttjs_48cceeae (p2, c1, k60, u'mqtt_user').
1562100483: Socket error on client mqttjs_48cceeae, disconnecting.
1562100484: mosquitto version 1.6.3 terminating
1562100484: Saving in-memory database to /var/lib/mosquitto/mosquitto.db.
1562100484: Error saving in-memory database, unable to open /var/lib/mosquitto/mosquitto.db.new for writing.
1562100484: Error: No such file or directory.
1562100516: mosquitto version 1.6.3 starting
1562100516: Config loaded from /mosquitto/config/mosquitto.conf.
1562100516: Opening ipv4 listen socket on port 1883.
1562100516: Opening ipv6 listen socket on port 1883.
1562100518: New connection from 172.18.1.4 on port 1883.
1562100518: New client connected from 172.18.1.4 as mqttjs_b0973e86 (p2, c1, k60, u'mqtt_user').
1562100524: Socket error on client mqttjs_b0973e86, disconnecting.
1562100525: mosquitto version 1.6.3 terminating
1562100525: Saving in-memory database to /var/lib/mosquitto/mosquitto.db.
1562100525: Error saving in-memory database, unable to open /var/lib/mosquitto/mosquitto.db.new for writing.
1562100525: Error: No such file or directory.
1562100603: mosquitto version 1.6.3 starting
1562100603: Config loaded from /mosquitto/config/mosquitto.conf.
1562100603: Opening ipv4 listen socket on port 1883.
1562100603: Opening ipv6 listen socket on port 1883.
1562100604: New connection from 172.18.1.4 on port 1883.
1562100604: New client connected from 172.18.1.4 as mqttjs_62079ca2 (p2, c1, k60, u'mqtt_user').
1562100610: Socket error on client mqttjs_62079ca2, disconnecting.
1562100611: mosquitto version 1.6.3 terminating
1562100611: Saving in-memory database to /var/lib/mosquitto/mosquitto.db.
1562100611: Error saving in-memory database, unable to open /var/lib/mosquitto/mosquitto.db.new for writing.
1562100611: Error: No such file or directory.
1562100635: mosquitto version 1.6.3 starting
1562100635: Config loaded from /mosquitto/config/mosquitto.conf.
1562100635: Opening ipv4 listen socket on port 1883.
1562100635: Opening ipv6 listen socket on port 1883.
1562100637: New connection from 172.18.1.4 on port 1883.
1562100637: New client connected from 172.18.1.4 as mqttjs_dc5c4030 (p2, c1, k60, u'mqtt_user').
1562100643: Socket error on client mqttjs_dc5c4030, disconnecting.
1562100644: mosquitto version 1.6.3 terminating
1562100644: Saving in-memory database to /var/lib/mosquitto/mosquitto.db.
1562100644: Error saving in-memory database, unable to open /var/lib/mosquitto/mosquitto.db.new for writing.
1562100644: Error: No such file or directory.
1562100697: mosquitto version 1.6.3 starting
1562100697: Config loaded from /mosquitto/config/mosquitto.conf.
1562100697: Opening ipv4 listen socket on port 1883.
1562100697: Opening ipv6 listen socket on port 1883.
1562100698: New connection from 172.18.1.4 on port 1883.
1562100698: New client connected from 172.18.1.4 as mqttjs_67bdb0ce (p2, c1, k60, u'mqtt_user').
1562100708: Socket error on client mqttjs_67bdb0ce, disconnecting.
1562100708: mosquitto version 1.6.3 terminating
1562100708: Saving in-memory database to /var/lib/mosquitto/mosquitto.db.
1562100708: Error saving in-memory database, unable to open /var/lib/mosquitto/mosquitto.db.new for writing.
1562100708: Error: No such file or directory.
1562100812: mosquitto version 1.6.3 starting
1562100812: Config loaded from /mosquitto/config/mosquitto.conf.
1562100812: Opening ipv4 listen socket on port 1883.
1562100812: Opening ipv6 listen socket on port 1883.
1562100814: New connection from 172.18.1.4 on port 1883.
1562100814: New client connected from 172.18.1.4 as mqttjs_cb915207 (p2, c1, k60, u'mqtt_user').
1562101229: Socket error on client mqttjs_cb915207, disconnecting.
1562101229: mosquitto version 1.6.3 terminating
1562101229: Saving in-memory database to /var/lib/mosquitto/mosquitto.db.
1562101229: Error saving in-memory database, unable to open /var/lib/mosquitto/mosquitto.db.new for writing.
1562101229: Error: No such file or directory.
1562101386: mosquitto version 1.6.3 starting
1562101386: Config loaded from /mosquitto/config/mosquitto.conf.
1562101386: Opening ipv4 listen socket on port 1883.
1562101386: Opening ipv6 listen socket on port 1883.
1562101387: New connection from 172.18.1.4 on port 1883.
1562101387: New client connected from 172.18.1.4 as mqttjs_c94f4a79 (p2, c1, k60, u'mqtt_user').
1562101430: Socket error on client mqttjs_c94f4a79, disconnecting.
1562101430: mosquitto version 1.6.3 terminating
1562101430: Saving in-memory database to /var/lib/mosquitto/mosquitto.db.
1562101430: Error saving in-memory database, unable to open /var/lib/mosquitto/mosquitto.db.new for writing.
1562101430: Error: No such file or directory.
1562101668: mosquitto version 1.6.3 starting
1562101668: Config loaded from /mosquitto/config/mosquitto.conf.
1562101668: Opening ipv4 listen socket on port 1883.
1562101668: Opening ipv6 listen socket on port 1883.
1562101669: New connection from 172.18.1.4 on port 1883.
1562101669: New client connected from 172.18.1.4 as mqttjs_75398966 (p2, c1, k60, u'mqtt_user').
1562101721: Socket error on client mqttjs_75398966, disconnecting.
1562101722: mosquitto version 1.6.3 terminating
1562101722: Saving in-memory database to /var/lib/mosquitto/mosquitto.db.
1562101722: Error saving in-memory database, unable to open /var/lib/mosquitto/mosquitto.db.new for writing.
1562101722: Error: No such file or directory.
1562101745: mosquitto version 1.6.3 starting
1562101745: Config loaded from /mosquitto/config/mosquitto.conf.
1562101745: Opening ipv4 listen socket on port 1883.
1562101745: Opening ipv6 listen socket on port 1883.
1562101746: New connection from 172.18.1.4 on port 1883.
1562101746: New client connected from 172.18.1.4 as mqttjs_2cdea31a (p2, c1, k60, u'mqtt_user').
1562101770: Socket error on client mqttjs_2cdea31a, disconnecting.
1562101770: mosquitto version 1.6.3 terminating
1562101770: Saving in-memory database to /var/lib/mosquitto/mosquitto.db.
1562101770: Error saving in-memory database, unable to open /var/lib/mosquitto/mosquitto.db.new for writing.
1562101770: Error: No such file or directory.
1562101783: mosquitto version 1.6.3 starting
1562101783: Config loaded from /mosquitto/config/mosquitto.conf.
1562101783: Opening ipv4 listen socket on port 1883.
1562101783: Opening ipv6 listen socket on port 1883.
1562101785: New connection from 172.18.1.4 on port 1883.
1562101785: New client connected from 172.18.1.4 as mqttjs_d27688a2 (p2, c1, k60, u'mqtt_user').
1562101806: Socket error on client mqttjs_d27688a2, disconnecting.
1562101807: mosquitto version 1.6.3 terminating
1562101807: Saving in-memory database to /var/lib/mosquitto/mosquitto.db.
1562101807: Error saving in-memory database, unable to open /var/lib/mosquitto/mosquitto.db.new for writing.
1562101807: Error: No such file or directory.
1562101824: mosquitto version 1.6.3 starting
1562101824: Config loaded from /mosquitto/config/mosquitto.conf.
1562101824: Opening ipv4 listen socket on port 1883.
1562101824: Opening ipv6 listen socket on port 1883.
1562101826: New connection from 172.18.1.5 on port 1883.
1562101826: New client connected from 172.18.1.5 as mqttjs_df50cd5a (p2, c1, k60, u'mqtt_user').
1562101862: Socket error on client mqttjs_df50cd5a, disconnecting.
1562101862: mosquitto version 1.6.3 terminating
1562101862: Saving in-memory database to /var/lib/mosquitto/mosquitto.db.
1562101862: Error saving in-memory database, unable to open /var/lib/mosquitto/mosquitto.db.new for writing.
1562101862: Error: No such file or directory.
1562101908: mosquitto version 1.6.3 starting
1562101908: Config loaded from /mosquitto/config/mosquitto.conf.
1562101908: Opening ipv4 listen socket on port 1883.
1562101908: Opening ipv6 listen socket on port 1883.
1562101910: New connection from 172.18.1.5 on port 1883.
1562101910: New client connected from 172.18.1.5 as mqttjs_8d3747ce (p2, c1, k60, u'mqtt_user').
1562101922: New connection from 172.18.1.1 on port 1883.
1562101922: New client connected from 172.18.1.1 as mqttjs_90881692 (p2, c1, k60, u'mqtt_user').
1562101945: Socket error on client mqttjs_8d3747ce, disconnecting.
1562101945: mosquitto version 1.6.3 terminating
1562101945: Saving in-memory database to /var/lib/mosquitto/mosquitto.db.
1562101945: Error saving in-memory database, unable to open /var/lib/mosquitto/mosquitto.db.new for writing.
1562101945: Error: No such file or directory.
1562101960: mosquitto version 1.6.3 starting
1562101960: Config loaded from /mosquitto/config/mosquitto.conf.
1562101960: Opening ipv4 listen socket on port 1883.
1562101960: Opening ipv6 listen socket on port 1883.
1562101962: New connection from 172.18.1.5 on port 1883.
1562101962: New client connected from 172.18.1.5 as mqttjs_892c423e (p2, c1, k60, u'mqtt_user').
1562101967: New connection from 172.18.1.1 on port 1883.
1562101967: New client connected from 172.18.1.1 as mqttjs_fdc9c936 (p2, c1, k60, u'mqtt_user').
1562102080: Socket error on client mqttjs_892c423e, disconnecting.
1562102080: New connection from 172.18.1.5 on port 1883.
1562102080: New client connected from 172.18.1.5 as mqttjs_6b1c99a0 (p2, c1, k60, u'mqtt_user').
1562102149: Socket error on client mqttjs_6b1c99a0, disconnecting.
1562102149: New connection from 172.18.1.5 on port 1883.
1562102149: New client connected from 172.18.1.5 as mqttjs_da21d728 (p2, c1, k60, u'mqtt_user').
1562102167: Socket error on client mqttjs_da21d728, disconnecting.
1562102167: New connection from 172.18.1.5 on port 1883.
1562102167: New client connected from 172.18.1.5 as mqttjs_2e33182a (p2, c1, k60, u'mqtt_user').
1562102407: Socket error on client mqttjs_2e33182a, disconnecting.
1562102408: mosquitto version 1.6.3 terminating
1562102408: Saving in-memory database to /var/lib/mosquitto/mosquitto.db.
1562102408: Error saving in-memory database, unable to open /var/lib/mosquitto/mosquitto.db.new for writing.
1562102408: Error: No such file or directory.
1562102635: mosquitto version 1.6.3 starting
1562102635: Config loaded from /mosquitto/config/mosquitto.conf.
1562102635: Opening ipv4 listen socket on port 1883.
1562102635: Opening ipv6 listen socket on port 1883.
1562102636: New connection from 172.18.1.5 on port 1883.
1562102636: New client connected from 172.18.1.5 as mqttjs_e045e020 (p2, c1, k60, u'mqtt_user').
1562102697: Socket error on client mqttjs_e045e020, disconnecting.
1562102698: mosquitto version 1.6.3 terminating
1562102698: Saving in-memory database to /var/lib/mosquitto/mosquitto.db.
1562102698: Error saving in-memory database, unable to open /var/lib/mosquitto/mosquitto.db.new for writing.
1562102698: Error: No such file or directory.
1562102740: mosquitto version 1.6.3 starting
1562102740: Config loaded from /mosquitto/config/mosquitto.conf.
1562102740: Opening ipv4 listen socket on port 1883.
1562102740: Opening ipv6 listen socket on port 1883.
1562102741: New connection from 172.18.1.6 on port 1883.
1562102741: New client connected from 172.18.1.6 as mqttjs_c13ad0e5 (p2, c1, k60, u'mqtt_user').
1562102747: New connection from 172.18.1.1 on port 1883.
1562102747: New client connected from 172.18.1.1 as mqttjs_628d1ad6 (p2, c1, k60, u'mqtt_user').
1562102801: Socket error on client mqttjs_c13ad0e5, disconnecting.
1562102801: New connection from 172.18.1.6 on port 1883.
1562102801: New client connected from 172.18.1.6 as mqttjs_0ca47437 (p2, c1, k60, u'mqtt_user').
1562102835: Socket error on client mqttjs_0ca47437, disconnecting.
1562102835: New connection from 172.18.1.6 on port 1883.
1562102835: New client connected from 172.18.1.6 as mqttjs_3d92122a (p2, c1, k60, u'mqtt_user').
1562102864: Socket error on client mqttjs_3d92122a, disconnecting.
1562102864: New connection from 172.18.1.6 on port 1883.
1562102864: New client connected from 172.18.1.6 as mqttjs_5d14e048 (p2, c1, k60, u'mqtt_user').
1562103036: Socket error on client mqttjs_5d14e048, disconnecting.
1562103036: New connection from 172.18.1.6 on port 1883.
1562103036: New client connected from 172.18.1.6 as mqttjs_3dcbd88d (p2, c1, k60, u'mqtt_user').
1562103198: Socket error on client mqttjs_628d1ad6, disconnecting.
1562103636: Socket error on client mqttjs_3dcbd88d, disconnecting.
1562103637: mosquitto version 1.6.3 terminating
1562103637: Saving in-memory database to /var/lib/mosquitto/mosquitto.db.
1562103637: Error saving in-memory database, unable to open /var/lib/mosquitto/mosquitto.db.new for writing.
1562103637: Error: No such file or directory.
1562103653: mosquitto version 1.6.3 starting
1562103653: Config loaded from /mosquitto/config/mosquitto.conf.
1562103653: Opening ipv4 listen socket on port 1883.
1562103653: Opening ipv6 listen socket on port 1883.
1562103654: New connection from 172.18.1.5 on port 1883.
1562103654: New client connected from 172.18.1.5 as mqttjs_f91f546f (p2, c1, k60, u'mqtt_user').
1562103671: Socket error on client mqttjs_f91f546f, disconnecting.
1562103672: mosquitto version 1.6.3 terminating
1562103672: Saving in-memory database to /var/lib/mosquitto/mosquitto.db.
1562103672: Error saving in-memory database, unable to open /var/lib/mosquitto/mosquitto.db.new for writing.
1562103672: Error: No such file or directory.
1562103778: mosquitto version 1.6.3 starting
1562103778: Config loaded from /mosquitto/config/mosquitto.conf.
1562103778: Opening ipv4 listen socket on port 1883.
1562103778: Opening ipv6 listen socket on port 1883.
1562103780: New connection from 172.18.1.5 on port 1883.
1562103780: New client connected from 172.18.1.5 as mqttjs_2875ea2c (p2, c1, k60, u'mqtt_user').
1562103822: Socket error on client mqttjs_2875ea2c, disconnecting.
1562103823: mosquitto version 1.6.3 terminating
1562103823: Saving in-memory database to /var/lib/mosquitto/mosquitto.db.
1562103823: Error saving in-memory database, unable to open /var/lib/mosquitto/mosquitto.db.new for writing.
1562103823: Error: No such file or directory.
1562103944: mosquitto version 1.6.3 starting
1562103944: Config loaded from /mosquitto/config/mosquitto.conf.
1562103944: Opening ipv4 listen socket on port 1883.
1562103944: Opening ipv6 listen socket on port 1883.
1562103945: New connection from 172.18.1.5 on port 1883.
1562103945: New client connected from 172.18.1.5 as mqttjs_a835b880 (p2, c1, k60, u'mqtt_user').
1562103978: New connection from 172.18.1.1 on port 1883.
1562103978: New client connected from 172.18.1.1 as mqttjs_ec1f5a39 (p2, c1, k60, u'mqtt_user').
1562104200: Socket error on client mqttjs_a835b880, disconnecting.
1562104201: mosquitto version 1.6.3 terminating
1562104201: Saving in-memory database to /var/lib/mosquitto/mosquitto.db.
1562104201: Error saving in-memory database, unable to open /var/lib/mosquitto/mosquitto.db.new for writing.
1562104201: Error: No such file or directory.
1562104238: mosquitto version 1.6.3 starting
1562104238: Config loaded from /mosquitto/config/mosquitto.conf.
1562104238: Opening ipv4 listen socket on port 1883.
1562104238: Opening ipv6 listen socket on port 1883.
1562104239: New connection from 172.18.1.6 on port 1883.
1562104239: New client connected from 172.18.1.6 as mqttjs_9fa277ce (p2, c1, k60, u'mqtt_user').
1562104407: Socket error on client mqttjs_9fa277ce, disconnecting.
1562104407: mosquitto version 1.6.3 terminating
1562104407: Saving in-memory database to /var/lib/mosquitto/mosquitto.db.
1562104407: Error saving in-memory database, unable to open /var/lib/mosquitto/mosquitto.db.new for writing.
1562104407: Error: No such file or directory.
1562104587: mosquitto version 1.6.3 starting
1562104587: Config loaded from /mosquitto/config/mosquitto.conf.
1562104587: Opening ipv4 listen socket on port 1883.
1562104587: Opening ipv6 listen socket on port 1883.
1562104589: New connection from 172.18.1.5 on port 1883.
1562104589: New client connected from 172.18.1.5 as mqttjs_7da51e77 (p2, c1, k60, u'mqtt_user').
1562105137: New connection from 172.18.1.1 on port 1883.
1562105137: New client connected from 172.18.1.1 as mqttjs_d98c1d38 (p2, c1, k60, u'mqtt_user').
1562105355: Socket error on client mqttjs_d98c1d38, disconnecting.
1562106388: Saving in-memory database to /var/lib/mosquitto/mosquitto.db.
1562106388: Error saving in-memory database, unable to open /var/lib/mosquitto/mosquitto.db.new for writing.
1562106388: Error: No such file or directory.
1562108189: Saving in-memory database to /var/lib/mosquitto/mosquitto.db.
1562108189: Error saving in-memory database, unable to open /var/lib/mosquitto/mosquitto.db.new for writing.
1562108189: Error: No such file or directory.
1562109409: New connection from 172.18.1.1 on port 1883.
1562109409: New client connected from 172.18.1.1 as mqttjs_fbd234b0 (p2, c1, k60, u'mqtt_user').
1562109628: Socket error on client mqttjs_fbd234b0, disconnecting.
1562109990: Saving in-memory database to /var/lib/mosquitto/mosquitto.db.
1562109990: Error saving in-memory database, unable to open /var/lib/mosquitto/mosquitto.db.new for writing.
1562109990: Error: No such file or directory.
1562110016: Socket error on client mqttjs_7da51e77, disconnecting.
1562110017: mosquitto version 1.6.3 terminating
1562110017: Saving in-memory database to /var/lib/mosquitto/mosquitto.db.
1562110017: Error saving in-memory database, unable to open /var/lib/mosquitto/mosquitto.db.new for writing.
1562110017: Error: No such file or directory.
1562110039: mosquitto version 1.6.3 starting
1562110039: Config loaded from /mosquitto/config/mosquitto.conf.
1562110039: Opening ipv4 listen socket on port 1883.
1562110039: Opening ipv6 listen socket on port 1883.
1562110041: New connection from 172.18.1.5 on port 1883.
1562110041: New client connected from 172.18.1.5 as mqttjs_ffbfcb53 (p2, c1, k60, u'mqtt_user').
1562110041: Socket error on client mqttjs_ffbfcb53, disconnecting.
1562110041: mosquitto version 1.6.3 terminating
1562110041: Saving in-memory database to /var/lib/mosquitto/mosquitto.db.
1562110041: Error saving in-memory database, unable to open /var/lib/mosquitto/mosquitto.db.new for writing.
1562110041: Error: No such file or directory.
1562110080: mosquitto version 1.6.3 starting
1562110080: Config loaded from /mosquitto/config/mosquitto.conf.
1562110080: Opening ipv4 listen socket on port 1883.
1562110080: Opening ipv6 listen socket on port 1883.
1562110082: New connection from 172.18.1.5 on port 1883.
1562110082: New client connected from 172.18.1.5 as mqttjs_80a997ce (p2, c1, k60, u'mqtt_user').
1562110095: New connection from 172.18.1.1 on port 1883.
1562110095: New client connected from 172.18.1.1 as mqttjs_7ac38396 (p2, c1, k60, u'mqtt_user').
1562110228: Socket error on client mqttjs_7ac38396, disconnecting.
1562110341: Socket error on client mqttjs_80a997ce, disconnecting.
1562110341: mosquitto version 1.6.3 terminating
1562110341: Saving in-memory database to /var/lib/mosquitto/mosquitto.db.
1562110341: Error saving in-memory database, unable to open /var/lib/mosquitto/mosquitto.db.new for writing.
1562110341: Error: No such file or directory.
1562110425: mosquitto version 1.6.3 starting
1562110425: Config loaded from /mosquitto/config/mosquitto.conf.
1562110425: Opening ipv4 listen socket on port 1883.
1562110425: Opening ipv6 listen socket on port 1883.
1562110430: New connection from 172.18.1.6 on port 1883.
1562110430: New client connected from 172.18.1.6 as mqttjs_bfa11ab4 (p2, c1, k60, u'mqtt_user').
1562110460: Socket error on client mqttjs_bfa11ab4, disconnecting.
1562110461: mosquitto version 1.6.3 terminating
1562110461: Saving in-memory database to /var/lib/mosquitto/mosquitto.db.
1562110461: Error saving in-memory database, unable to open /var/lib/mosquitto/mosquitto.db.new for writing.
1562110461: Error: No such file or directory.
1562110752: mosquitto version 1.6.3 starting
1562110752: Config loaded from /mosquitto/config/mosquitto.conf.
1562110752: Opening ipv4 listen socket on port 1883.
1562110752: Opening ipv6 listen socket on port 1883.
1562110753: New connection from 172.18.1.5 on port 1883.
1562110753: New client connected from 172.18.1.5 as mqttjs_93b2af99 (p2, c1, k60, u'mqtt_user').
1562110754: Socket error on client mqttjs_93b2af99, disconnecting.
1562110764: mosquitto version 1.6.3 terminating
1562110764: Saving in-memory database to /var/lib/mosquitto/mosquitto.db.
1562110764: Error saving in-memory database, unable to open /var/lib/mosquitto/mosquitto.db.new for writing.
1562110764: Error: No such file or directory.
1562110779: mosquitto version 1.6.3 starting
1562110779: Config loaded from /mosquitto/config/mosquitto.conf.
1562110779: Opening ipv4 listen socket on port 1883.
1562110779: Opening ipv6 listen socket on port 1883.
1562110780: New connection from 172.18.1.6 on port 1883.
1562110780: New client connected from 172.18.1.6 as mqttjs_db5f6300 (p2, c1, k60, u'mqtt_user').
1562110781: New connection from 172.18.1.1 on port 1883.
1562110781: New client connected from 172.18.1.1 as auto-DA1D3DA9-176F-F952-8E8B-422CE4C8B255 (p2, c1, k60, u'mqtt_user').
1562110923: New connection from 172.18.1.1 on port 1883.
1562110923: New client connected from 172.18.1.1 as mosqpub|3117-camilo-X51 (p1, c1, k60, u'mqtt_user').
1562110923: Client mosqpub|3117-camilo-X51 disconnected.
1562110945: New connection from 172.18.1.1 on port 1883.
1562110945: New client connected from 172.18.1.1 as mosqpub|3205-camilo-X51 (p1, c1, k60, u'mqtt_user').
1562110945: Client mosqpub|3205-camilo-X51 disconnected.
1562110966: New connection from 172.18.1.1 on port 1883.
1562110966: New client connected from 172.18.1.1 as mqttjs_1bc99585 (p2, c1, k60, u'mqtt_user').
1562111008: New connection from 172.18.1.1 on port 1883.
1562111008: New client connected from 172.18.1.1 as mosqpub|3442-camilo-X51 (p1, c1, k60, u'mqtt_user').
1562111008: Client mosqpub|3442-camilo-X51 disconnected.
1562111062: New connection from 172.18.1.1 on port 1883.
1562111062: New client connected from 172.18.1.1 as mosqpub|3612-camilo-X51 (p1, c1, k60, u'mqtt_user').
1562111062: Client mosqpub|3612-camilo-X51 disconnected.
1562111262: New connection from 172.18.1.1 on port 1883.
1562111262: New client connected from 172.18.1.1 as mosqpub|4016-camilo-X51 (p1, c1, k60, u'mqtt_user').
1562111262: Client mosqpub|4016-camilo-X51 disconnected.
1562111370: Client auto-DA1D3DA9-176F-F952-8E8B-422CE4C8B255 disconnected.
1562111370: Socket error on client mqttjs_db5f6300, disconnecting.
1562111374: mosquitto version 1.6.3 terminating
1562111374: Saving in-memory database to /var/lib/mosquitto/mosquitto.db.
1562111374: Error saving in-memory database, unable to open /var/lib/mosquitto/mosquitto.db.new for writing.
1562111374: Error: No such file or directory.
1562111389: mosquitto version 1.6.3 starting
1562111389: Config loaded from /mosquitto/config/mosquitto.conf.
1562111389: Opening ipv4 listen socket on port 1883.
1562111389: Opening ipv6 listen socket on port 1883.
1562111389: New connection from 172.18.1.1 on port 1883.
1562111389: New client connected from 172.18.1.1 as mqttjs_1bc99585 (p2, c1, k60, u'mqtt_user').
1562111390: New connection from 172.18.1.6 on port 1883.
1562111390: New client connected from 172.18.1.6 as mqttjs_4f6625e6 (p2, c1, k60, u'mqtt_user').
1562111434: New connection from 172.18.1.1 on port 1883.
1562111434: New client connected from 172.18.1.1 as mosqpub|6086-camilo-X51 (p1, c1, k60, u'mqtt_user').
1562111434: Client mosqpub|6086-camilo-X51 disconnected.
1562111443: New connection from 172.18.1.1 on port 1883.
1562111443: New client connected from 172.18.1.1 as mosqpub|6134-camilo-X51 (p1, c1, k60, u'mqtt_user').
1562111443: Client mosqpub|6134-camilo-X51 disconnected.
1562111516: Socket error on client mqttjs_4f6625e6, disconnecting.
1562111521: mosquitto version 1.6.3 terminating
1562111521: Saving in-memory database to /var/lib/mosquitto/mosquitto.db.
1562111521: Error saving in-memory database, unable to open /var/lib/mosquitto/mosquitto.db.new for writing.
1562111521: Error: No such file or directory.
1562111549: mosquitto version 1.6.3 starting
1562111549: Config loaded from /mosquitto/config/mosquitto.conf.
1562111549: Opening ipv4 listen socket on port 1883.
1562111549: Opening ipv6 listen socket on port 1883.
1562111549: New connection from 172.18.1.1 on port 1883.
1562111549: New client connected from 172.18.1.1 as mqttjs_1bc99585 (p2, c1, k60, u'mqtt_user').
1562111550: New connection from 172.18.1.6 on port 1883.
1562111550: New client connected from 172.18.1.6 as mqttjs_e4c5da19 (p2, c1, k60, u'mqtt_user').
1562111551: New connection from 172.18.1.1 on port 1883.
1562111551: New client connected from 172.18.1.1 as auto-DB5C3D9A-AA13-AF69-AD99-739860BE4DD8 (p2, c1, k60, u'mqtt_user').
1562111691: New connection from 172.18.1.1 on port 1883.
1562111691: New client connected from 172.18.1.1 as mosqpub|8314-camilo-X51 (p1, c1, k60, u'mqtt_user').
1562111691: Client mosqpub|8314-camilo-X51 disconnected.
1562112101: Client auto-DB5C3D9A-AA13-AF69-AD99-739860BE4DD8 disconnected.
1562112101: Socket error on client mqttjs_e4c5da19, disconnecting.
1562112106: mosquitto version 1.6.3 terminating
1562112106: Saving in-memory database to /var/lib/mosquitto/mosquitto.db.
1562112106: Error saving in-memory database, unable to open /var/lib/mosquitto/mosquitto.db.new for writing.
1562112106: Error: No such file or directory.
1562113079: mosquitto version 1.6.3 starting
1562113079: Config loaded from /mosquitto/config/mosquitto.conf.
1562113079: Opening ipv4 listen socket on port 1883.
1562113079: Opening ipv6 listen socket on port 1883.
1562113079: New connection from 172.18.1.1 on port 1883.
1562113079: New client connected from 172.18.1.1 as mqttjs_1bc99585 (p2, c1, k60, u'mqtt_user').
1562113080: New connection from 172.18.1.7 on port 1883.
1562113080: New client connected from 172.18.1.7 as mqttjs_96edec84 (p2, c1, k60, u'mqtt_user').
1562113080: New connection from 172.18.1.1 on port 1883.
1562113080: New client connected from 172.18.1.1 as auto-E6E132BA-DC15-8197-6E1E-D707DC9A8C85 (p2, c1, k60, u'mqtt_user').
1562113096: New connection from 172.18.1.1 on port 1883.
1562113096: New client connected from 172.18.1.1 as mqttjs_d4adb295 (p2, c1, k60, u'mqtt_user').
1562113132: Socket error on client mqttjs_d4adb295, disconnecting.
1562113938: Client auto-E6E132BA-DC15-8197-6E1E-D707DC9A8C85 disconnected.
1562113938: Socket error on client mqttjs_96edec84, disconnecting.
1562113938: mosquitto version 1.6.3 terminating
1562113938: Saving in-memory database to /var/lib/mosquitto/mosquitto.db.
1562113938: Error saving in-memory database, unable to open /var/lib/mosquitto/mosquitto.db.new for writing.
1562113938: Error: No such file or directory.
1562114027: mosquitto version 1.6.3 starting
1562114027: Config loaded from /mosquitto/config/mosquitto.conf.
1562114027: Opening ipv4 listen socket on port 1883.
1562114027: Opening ipv6 listen socket on port 1883.
1562114028: New connection from 172.18.1.5 on port 1883.
1562114028: New client connected from 172.18.1.5 as mqttjs_d0aef5ae (p2, c1, k60, u'mqtt_user').
1562114029: New connection from 172.18.1.1 on port 1883.
1562114029: New client connected from 172.18.1.1 as auto-1AC7EBD6-B78F-F98E-3DB4-ACEF7638FA66 (p2, c1, k60, u'mqtt_user').
1562114081: Client auto-1AC7EBD6-B78F-F98E-3DB4-ACEF7638FA66 disconnected.
1562114081: Socket error on client mqttjs_d0aef5ae, disconnecting.
1562114081: mosquitto version 1.6.3 terminating
1562114081: Saving in-memory database to /var/lib/mosquitto/mosquitto.db.
1562114081: Error saving in-memory database, unable to open /var/lib/mosquitto/mosquitto.db.new for writing.
1562114081: Error: No such file or directory.
1562114123: mosquitto version 1.6.3 starting
1562114123: Config loaded from /mosquitto/config/mosquitto.conf.
1562114123: Opening ipv4 listen socket on port 1883.
1562114123: Opening ipv6 listen socket on port 1883.
1562114130: New connection from 172.18.1.1 on port 1883.
